<?xml version="1.0" encoding="UTF-8"?>
<testsuites>
  <testsuite name="" tests="5" assertions="4" errors="2" warnings="0" failures="0" skipped="0" time="1.142757">
    <testsuite name="App" tests="5" assertions="4" errors="2" warnings="0" failures="0" skipped="0" time="1.142757">
      <testsuite name="ExampleDatabaseTest" file="C:\xampp\htdocs\com450\tests\database\ExampleDatabaseTest.php" tests="2" assertions="0" errors="2" warnings="0" failures="0" skipped="0" time="0.872111">
        <testcase name="testModelFindAll" class="ExampleDatabaseTest" classname="ExampleDatabaseTest" file="C:\xampp\htdocs\com450\tests\database\ExampleDatabaseTest.php" line="56" assertions="0" time="0.852913">
          <error type="CodeIgniter\Database\Exceptions\DatabaseException">ExampleDatabaseTest::testModelFindAll
CodeIgniter\Database\Exceptions\DatabaseException: Unable to connect to the database.&#13;
Main connection [MySQLi]: Access denied for user ''@'localhost' (using password: NO)

C:\xampp\htdocs\com450\system\Database\BaseConnection.php:427
C:\xampp\htdocs\com450\system\Test\DatabaseTestTrait.php:74
C:\xampp\htdocs\com450\system\Test\DatabaseTestTrait.php:54
C:\xampp\htdocs\com450\system\Test\CIUnitTestCase.php:248</error>
        </testcase>
        <testcase name="testSoftDeleteLeavesRow" class="ExampleDatabaseTest" classname="ExampleDatabaseTest" file="C:\xampp\htdocs\com450\tests\database\ExampleDatabaseTest.php" line="67" assertions="0" time="0.019198">
          <error type="CodeIgniter\Database\Exceptions\DatabaseException">ExampleDatabaseTest::testSoftDeleteLeavesRow
CodeIgniter\Database\Exceptions\DatabaseException: Unable to connect to the database.&#13;
Main connection [MySQLi]: Access denied for user ''@'localhost' (using password: NO)

C:\xampp\htdocs\com450\system\Database\BaseConnection.php:427
C:\xampp\htdocs\com450\system\Test\DatabaseTestTrait.php:74
C:\xampp\htdocs\com450\system\Test\DatabaseTestTrait.php:54
C:\xampp\htdocs\com450\system\Test\CIUnitTestCase.php:248</error>
        </testcase>
      </testsuite>
      <testsuite name="ExampleSessionTest" file="C:\xampp\htdocs\com450\tests\session\ExampleSessionTest.php" tests="1" assertions="1" errors="0" warnings="0" failures="0" skipped="0" time="0.044897">
        <testcase name="testSessionSimple" class="ExampleSessionTest" classname="ExampleSessionTest" file="C:\xampp\htdocs\com450\tests\session\ExampleSessionTest.php" line="11" assertions="1" time="0.044897"/>
      </testsuite>
      <testsuite name="HealthTest" file="C:\xampp\htdocs\com450\tests\unit\HealthTest.php" tests="2" assertions="3" errors="0" warnings="0" failures="0" skipped="0" time="0.225749">
        <testcase name="testIsDefinedAppPath" class="HealthTest" classname="HealthTest" file="C:\xampp\htdocs\com450\tests\unit\HealthTest.php" line="13" assertions="1" time="0.012768"/>
        <testcase name="testBaseUrlHasBeenSet" class="HealthTest" classname="HealthTest" file="C:\xampp\htdocs\com450\tests\unit\HealthTest.php" line="18" assertions="2" time="0.212980"/>
      </testsuite>
    </testsuite>
  </testsuite>
</testsuites>
